# JRE version: Java(TM) SE Runtime Environment 18.9 (11.0.9+7) (build 11.0.9+7-LTS)
# Java VM: Java HotSpot(TM) 64-Bit Server VM 18.9 (11.0.9+7-LTS, mixed mode, tiered, compressed oops, g1 gc, windows-amd64)
Heap:
 garbage-first heap   total 262144K, used 133466K [0x00000000e0000000, 0x0000000100000000)
  region size 1024K, 85 young (87040K), 8 survivors (8192K)
 Metaspace       used 50733K, capacity 52123K, committed 52348K, reserved 301056K
  class space    used 6543K, capacity 7045K, committed 7116K, reserved 253952K
GC Heap History (10 events):
Event: 51.675 GC heap before
{Heap before GC invocations=14 (full 0):
 garbage-first heap   total 262144K, used 204698K [0x00000000e0000000, 0x0000000100000000)
  region size 1024K, 153 young (156672K), 4 survivors (4096K)
 Metaspace       used 50412K, capacity 51672K, committed 51708K, reserved 299008K
  class space    used 6508K, capacity 6964K, committed 6988K, reserved 253952K
}
Event: 51.678 GC heap after
{Heap after GC invocations=15 (full 0):
 garbage-first heap   total 262144K, used 47590K [0x00000000e0000000, 0x0000000100000000)
  region size 1024K, 3 young (3072K), 3 survivors (3072K)
 Metaspace       used 50412K, capacity 51672K, committed 51708K, reserved 299008K
  class space    used 6508K, capacity 6964K, committed 6988K, reserved 253952K
}
Event: 52.850 GC heap before
{Heap before GC invocations=15 (full 0):
 garbage-first heap   total 262144K, used 207334K [0x00000000e0000000, 0x0000000100000000)
  region size 1024K, 153 young (156672K), 3 survivors (3072K)
 Metaspace       used 50726K, capacity 52123K, committed 52348K, reserved 301056K
  class space    used 6543K, capacity 7045K, committed 7116K, reserved 253952K
}
Event: 52.855 GC heap after
{Heap after GC invocations=16 (full 0):
 garbage-first heap   total 262144K, used 53498K [0x00000000e0000000, 0x0000000100000000)
  region size 1024K, 6 young (6144K), 6 survivors (6144K)
 Metaspace       used 50726K, capacity 52123K, committed 52348K, reserved 301056K
  class space    used 6543K, capacity 7045K, committed 7116K, reserved 253952K
}
Event: 54.081 GC heap before
{Heap before GC invocations=16 (full 0):
 garbage-first heap   total 262144K, used 203002K [0x00000000e0000000, 0x0000000100000000)
  region size 1024K, 153 young (156672K), 6 survivors (6144K)
 Metaspace       used 50728K, capacity 52123K, committed 52348K, reserved 301056K
  class space    used 6543K, capacity 7045K, committed 7116K, reserved 253952K
}
Event: 54.086 GC heap after
{Heap after GC invocations=17 (full 0):
 garbage-first heap   total 262144K, used 52976K [0x00000000e0000000, 0x0000000100000000)
  region size 1024K, 6 young (6144K), 6 survivors (6144K)
 Metaspace       used 50728K, capacity 52123K, committed 52348K, reserved 301056K
  class space    used 6543K, capacity 7045K, committed 7116K, reserved 253952K
}
Event: 57.620 GC heap before
{Heap before GC invocations=17 (full 0):
 garbage-first heap   total 262144K, used 202480K [0x00000000e0000000, 0x0000000100000000)
  region size 1024K, 153 young (156672K), 6 survivors (6144K)
 Metaspace       used 50731K, capacity 52123K, committed 52348K, reserved 301056K
  class space    used 6543K, capacity 7045K, committed 7116K, reserved 253952K
}
Event: 57.623 GC heap after
{Heap after GC invocations=18 (full 0):
 garbage-first heap   total 262144K, used 53147K [0x00000000e0000000, 0x0000000100000000)
  region size 1024K, 6 young (6144K), 6 survivors (6144K)
 Metaspace       used 50731K, capacity 52123K, committed 52348K, reserved 301056K
  class space    used 6543K, capacity 7045K, committed 7116K, reserved 253952K
}
Event: 59.245 GC heap before
{Heap before GC invocations=18 (full 0):
 garbage-first heap   total 262144K, used 203675K [0x00000000e0000000, 0x0000000100000000)
  region size 1024K, 153 young (156672K), 6 survivors (6144K)
 Metaspace       used 50731K, capacity 52123K, committed 52348K, reserved 301056K
  class space    used 6543K, capacity 7045K, committed 7116K, reserved 253952K
}
Event: 59.251 GC heap after
{Heap after GC invocations=19 (full 0):
 garbage-first heap   total 262144K, used 54304K [0x00000000e0000000, 0x0000000100000000)
  region size 1024K, 7 young (7168K), 7 survivors (7168K)
 Metaspace       used 50731K, capacity 52123K, committed 52348K, reserved 301056K
  class space    used 6543K, capacity 7045K, committed 7116K, reserved 253952K
}

